<?xml version="1.0" encoding="UTF-8"?>
<!-- Generated by org.testng.reporters.JUnitReportReporter -->
<testsuite hostname="QT-INNO-LT0915" failures="0" tests="8" name="bingTestcases.testCases" time="52.785" errors="0" timestamp="14 Dec 2021 06:13:41 GMT" skipped="0">
  <testcase classname="bingTestcases.testCases" name="pageLoadTest" time="0.461"/>
  <testcase classname="bingTestcases.testCases" name="pageLoadJavaExecutorTest" time="0.511"/>
  <testcase classname="bingTestcases.testCases" name="clearTextCase" time="11.126"/>
  <testcase classname="bingTestcases.testCases" name="detactInputLangaugeIsCorrect" time="8.287"/>
  <testcase classname="bingTestcases.testCases" name="checkSwapFunction" time="10.071"/>
  <testcase classname="bingTestcases.testCases" name="editTestCase" time="0.614"/>
  <testcase classname="bingTestcases.testCases" name="copyTestCase" time="7.856"/>
  <testcase classname="bingTestcases.testCases" name="ExceedingCharacterLimitTestMethod" time="13.859"/>
</testsuite> <!-- bingTestcases.testCases -->
