<?xml version="1.0" encoding="UTF-8"?>
<!-- Generated by org.testng.reporters.JUnitReportReporter -->
<testsuite hostname="QT-INNO-LT0915" failures="0" tests="4" name="bingTestcases.testCases" time="15.791" errors="0" timestamp="30 Nov 2021 16:49:13 GMT" skipped="0">
  <testcase classname="bingTestcases.testCases" name="pageLoadTest" time="0.017"/>
  <testcase classname="bingTestcases.testCases" name="pageLoadJavaExecutorTest" time="0.014"/>
  <testcase classname="bingTestcases.testCases" name="clearTextCase" time="3.256"/>
  <testcase classname="bingTestcases.testCases" name="detactInputLangaugeIsCorrect" time="12.504"/>
</testsuite> <!-- bingTestcases.testCases -->
