<?xml version="1.0" encoding="UTF-8"?>
<!-- Generated by org.testng.reporters.JUnitReportReporter -->
<testsuite hostname="QT-INNO-LT0915" failures="0" tests="1" name="bingTestcases.ExceedingCharacterLimitTestCase" time="5.195" errors="0" timestamp="30 Nov 2021 08:49:52 GMT" skipped="0">
  <testcase classname="bingTestcases.ExceedingCharacterLimitTestCase" name="ExceedingCharacterLimitTestMethod" time="5.195"/>
</testsuite> <!-- bingTestcases.ExceedingCharacterLimitTestCase -->
