<?xml version="1.0" encoding="UTF-8"?>
<!-- Generated by org.testng.reporters.JUnitReportReporter -->
<testsuite hostname="QT-INNO-LT0915" failures="0" tests="1" name="bingTestcases.ExceedingCharacterLimitTestCase" time="3.909" errors="0" timestamp="01 Dec 2021 05:28:13 GMT" skipped="0">
  <testcase classname="bingTestcases.ExceedingCharacterLimitTestCase" name="ExceedingCharacterLimitTestMethod" time="3.909"/>
</testsuite> <!-- bingTestcases.ExceedingCharacterLimitTestCase -->
