<?xml version="1.0" encoding="UTF-8"?>
<!-- Generated by org.testng.reporters.JUnitReportReporter -->
<testsuite hostname="QT-INNO-LT0915" failures="0" tests="1" name="bingTestcases.copyTextTestCase" time="7.427" errors="0" timestamp="25 Nov 2021 05:05:14 GMT" skipped="0">
  <testcase classname="bingTestcases.copyTextTestCase" name="copyTestCase" time="7.427"/>
</testsuite> <!-- bingTestcases.copyTextTestCase -->
