<?xml version="1.0" encoding="UTF-8"?>
<!-- Generated by org.testng.reporters.JUnitReportReporter -->
<testsuite hostname="QT-INNO-LT0915" failures="0" tests="1" name="bingTestcases.TranslatetAreaNotEditableTestCase" time="0.668" errors="0" timestamp="22 Nov 2021 06:37:46 GMT" skipped="0">
  <testcase classname="bingTestcases.TranslatetAreaNotEditableTestCase" name="editTestCase" time="0.668"/>
</testsuite> <!-- bingTestcases.TranslatetAreaNotEditableTestCase -->
