<?xml version="1.0" encoding="UTF-8"?>
<!-- Generated by org.testng.reporters.JUnitReportReporter -->
<testsuite hostname="QT-INNO-LT0915" failures="0" tests="1" name="bingTestcases.TranslatetAreaNotEditableTestCase" time="0.583" errors="0" timestamp="01 Dec 2021 05:29:47 GMT" skipped="0">
  <testcase classname="bingTestcases.TranslatetAreaNotEditableTestCase" name="editTestCase" time="0.583"/>
</testsuite> <!-- bingTestcases.TranslatetAreaNotEditableTestCase -->
