<?xml version="1.0" encoding="UTF-8"?>
<!-- Generated by org.testng.reporters.JUnitReportReporter -->
<testsuite hostname="QT-INNO-LT0915" failures="0" tests="8" name="bingTestcases.testCases" time="36.237" errors="0" timestamp="07 Dec 2021 18:05:51 GMT" skipped="0">
  <testcase classname="bingTestcases.testCases" name="pageLoadTest" time="0.034"/>
  <testcase classname="bingTestcases.testCases" name="pageLoadJavaExecutorTest" time="0.011"/>
  <testcase classname="bingTestcases.testCases" name="clearTextCase" time="3.487"/>
  <testcase classname="bingTestcases.testCases" name="detactInputLangaugeIsCorrect" time="6.238"/>
  <testcase classname="bingTestcases.testCases" name="checkSwapFunction" time="9.301"/>
  <testcase classname="bingTestcases.testCases" name="editTestCase" time="0.358"/>
  <testcase classname="bingTestcases.testCases" name="copyTestCase" time="7.513"/>
  <testcase classname="bingTestcases.testCases" name="ExceedingCharacterLimitTestMethod" time="9.295"/>
</testsuite> <!-- bingTestcases.testCases -->
