<?xml version="1.0" encoding="UTF-8"?>
<!-- Generated by org.testng.reporters.JUnitReportReporter -->
<testsuite hostname="QT-INNO-LT0915" failures="0" tests="1" name="bingTestcases.SwapTestCase" time="9.748" errors="0" timestamp="30 Nov 2021 17:32:49 GMT" skipped="0">
  <testcase classname="bingTestcases.SwapTestCase" name="checkSwapFunction" time="9.748"/>
</testsuite> <!-- bingTestcases.SwapTestCase -->
